-------------------------------------------------------------------------------
Test set: com.springboot.demo.LocalBusinessConnectApplicationTests
-------------------------------------------------------------------------------
Tests run: 1, Failures: 0, Errors: 1, Skipped: 0, Time elapsed: 0.14 s <<< FAILURE! - in com.springboot.demo.LocalBusinessConnectApplicationTests
com.springboot.demo.LocalBusinessConnectApplicationTests  Time elapsed: 0.14 s  <<< ERROR!
java.lang.IllegalStateException: Unable to find a @SpringBootConfiguration, you need to use @ContextConfiguration or @SpringBootTest(classes=...) with your test

